<?xml version="1.0" encoding="UTF-8"?>
<!-- Generated by org.testng.reporters.JUnitXMLReporter -->
<testsuite hostname="CHQS-0F3s2OcYQG" failures="0" tests="11" name="Test" time="72.364" errors="0" timestamp="26 Aug 2021 17:48:48 GMT">
  <testcase classname="Assignment.WordPress.Logintests" name="loginSuccess" time="1.866"/>
  <testcase classname="Assignment.WordPress.Myprofiletests" name="verifymyProfilepageload" time="6.054"/>
  <testcase classname="Assignment.WordPress.Logintests" name="loginFailure" time="2.654"/>
  <testcase classname="Assignment.WordPress.Myprofiletests" name="updateDisplaynameandaboutme" time="5.323"/>
  <testcase classname="Assignment.WordPress.Myprofiletests" name="verifydiabledSaveprofiledetailbutton" time="2.118"/>
  <testcase classname="Assignment.WordPress.Myprofiletests" name="verifyenabledSaveprofiledetailbutton" time="6.359"/>
  <testcase classname="Assignment.WordPress.Myprofiletests" name="addUrl" time="6.86"/>
  <testcase classname="Assignment.WordPress.Myprofiletests" name="deleteUrl" time="5.205"/>
  <testcase classname="Assignment.WordPress.Myprofiletests" name="addSite" time="5.907"/>
  <testcase classname="Assignment.WordPress.Myprofiletests" name="deleteSite" time="5.442"/>
  <testcase classname="Assignment.WordPress.Myprofiletests" name="verifyToggleonmyProfilepageload" time="5.967"/>
</testsuite> <!-- Test -->
