<?xml version="1.0" encoding="UTF-8"?>
<testng-results total="1" passed="1" failed="0" skipped="0">
  <reporter-output>
  </reporter-output>
  <suite started-at="2021-08-26T17:34:47Z" name="Default suite" finished-at="2021-08-26T17:35:02Z" duration-ms="15260">
    <groups>
    </groups>
    <test started-at="2021-08-26T17:34:47Z" name="Default test" finished-at="2021-08-26T17:35:02Z" duration-ms="15260">
      <class name="Assignment.WordPress.Myprofiletests">
        <test-method is-config="true" signature="initialize()[pri:0, instance:Assignment.WordPress.Myprofiletests@7a9c84a5]" started-at="2021-08-26T13:34:47Z" name="initialize" finished-at="2021-08-26T13:34:48Z" duration-ms="1173" status="PASS">
          <reporter-output>
          </reporter-output>
        </test-method> <!-- initialize -->
        <test-method signature="verifyToggleonmyProfilepageload(java.lang.String, java.lang.String, java.lang.String, java.lang.String)[pri:0, instance:Assignment.WordPress.Myprofiletests@7a9c84a5]" started-at="2021-08-26T13:34:48Z" name="verifyToggleonmyProfilepageload" data-provider="getPageloaddata" finished-at="2021-08-26T13:35:02Z" duration-ms="14065" status="PASS">
          <params>
            <param index="0">
              <value>
                <![CDATA[wpdemouser1]]>
              </value>
            </param>
            <param index="1">
              <value>
                <![CDATA[Tester123$]]>
              </value>
            </param>
            <param index="2">
              <value>
                <![CDATA[Vivek]]>
              </value>
            </param>
            <param index="3">
              <value>
                <![CDATA[Sharma]]>
              </value>
            </param>
          </params>
          <reporter-output>
          </reporter-output>
        </test-method> <!-- verifyToggleonmyProfilepageload -->
        <test-method is-config="true" signature="closeBrowser()[pri:0, instance:Assignment.WordPress.Myprofiletests@7a9c84a5]" started-at="2021-08-26T13:35:02Z" name="closeBrowser" finished-at="2021-08-26T13:35:02Z" duration-ms="7" status="PASS">
          <reporter-output>
          </reporter-output>
        </test-method> <!-- closeBrowser -->
      </class> <!-- Assignment.WordPress.Myprofiletests -->
    </test> <!-- Default test -->
  </suite> <!-- Default suite -->
</testng-results>
